Started at Thu Apr 11 20:05:24 UTC 2024
Processing monitoringup
Offering monitoringup to Project Build Discarder
Finished at Thu Apr 11 20:05:24 UTC 2024. 34ms
Started at Thu Apr 11 21:05:24 UTC 2024
Processing monitoringup
Offering monitoringup to Project Build Discarder
Finished at Thu Apr 11 21:05:24 UTC 2024. 7ms
Started at Thu Apr 11 22:05:24 UTC 2024
Processing monitoringup
Offering monitoringup to Project Build Discarder
Finished at Thu Apr 11 22:05:24 UTC 2024. 14ms
Started at Thu Apr 11 23:05:24 UTC 2024
Processing monitoringup
Offering monitoringup to Project Build Discarder
Finished at Thu Apr 11 23:05:24 UTC 2024. 18ms
Started at Fri Apr 12 07:28:20 UTC 2024
Processing monitoringup
Offering monitoringup to Project Build Discarder
Finished at Fri Apr 12 07:28:20 UTC 2024. 20ms
Started at Fri Apr 12 08:28:21 UTC 2024
Processing monitoringup
Offering monitoringup to Project Build Discarder
Finished at Fri Apr 12 08:28:21 UTC 2024. 15ms
Started at Fri Apr 12 09:28:21 UTC 2024
Processing monitoringup
Offering monitoringup to Project Build Discarder
Finished at Fri Apr 12 09:28:21 UTC 2024. 15ms
